<?xml version="1.0" encoding="UTF-8"?>
<testsuite name="fullSearch.Carpet" tests="1" skipped="0" failures="0" errors="0" timestamp="2021-03-02T08:29:51" hostname="gimmingyun-ui-MacBookPro.local" time="0.127">
  <properties/>
  <testcase name="solution()" classname="fullSearch.Carpet" time="0.127"/>
  <system-out><![CDATA[]]></system-out>
  <system-err><![CDATA[]]></system-err>
</testsuite>
